/home/lizhuo/NECSA/NECSA/mujoco_env.py:25: UserWarning: Recommend using envpool (pip install envpool) to run Mujoco environments more efficiently.
  "Recommend using envpool (pip install envpool) "
Traceback (most recent call last):
  File "necsa_td3.py", line 235, in <module>
    test_td3()
  File "necsa_td3.py", line 82, in test_td3
    args.task, args.seed, args.training_num, args.test_num, obs_norm=False
  File "/home/lizhuo/NECSA/NECSA/mujoco_env.py", line 28, in make_mujoco_env
    env = gym.make(task)
  File "/home/lizhuo/miniconda3/envs/necsa/lib/python3.7/site-packages/gym/envs/registration.py", line 676, in make
    return registry.make(id, **kwargs)
  File "/home/lizhuo/miniconda3/envs/necsa/lib/python3.7/site-packages/gym/envs/registration.py", line 520, in make
    return spec.make(**kwargs)
  File "/home/lizhuo/miniconda3/envs/necsa/lib/python3.7/site-packages/gym/envs/registration.py", line 139, in make
    cls = load(self.entry_point)
  File "/home/lizhuo/miniconda3/envs/necsa/lib/python3.7/site-packages/gym/envs/registration.py", line 55, in load
    mod = importlib.import_module(mod_name)
  File "/home/lizhuo/miniconda3/envs/necsa/lib/python3.7/importlib/__init__.py", line 127, in import_module
    return _bootstrap._gcd_import(name[level:], package, level)
  File "<frozen importlib._bootstrap>", line 1006, in _gcd_import
  File "<frozen importlib._bootstrap>", line 983, in _find_and_load
  File "<frozen importlib._bootstrap>", line 953, in _find_and_load_unlocked
  File "<frozen importlib._bootstrap>", line 219, in _call_with_frames_removed
  File "<frozen importlib._bootstrap>", line 1006, in _gcd_import
  File "<frozen importlib._bootstrap>", line 983, in _find_and_load
  File "<frozen importlib._bootstrap>", line 967, in _find_and_load_unlocked
  File "<frozen importlib._bootstrap>", line 677, in _load_unlocked
  File "<frozen importlib._bootstrap_external>", line 728, in exec_module
  File "<frozen importlib._bootstrap>", line 219, in _call_with_frames_removed
  File "/home/lizhuo/miniconda3/envs/necsa/lib/python3.7/site-packages/gym/envs/mujoco/__init__.py", line 1, in <module>
    from gym.envs.mujoco.mujoco_env import MujocoEnv
  File "/home/lizhuo/miniconda3/envs/necsa/lib/python3.7/site-packages/gym/envs/mujoco/mujoco_env.py", line 12, in <module>
    import mujoco_py
  File "/home/lizhuo/miniconda3/envs/necsa/lib/python3.7/site-packages/mujoco_py/__init__.py", line 2, in <module>
    from mujoco_py.builder import cymj, ignore_mujoco_warnings, functions, MujocoException
  File "/home/lizhuo/miniconda3/envs/necsa/lib/python3.7/site-packages/mujoco_py/builder.py", line 504, in <module>
    cymj = load_cython_ext(mujoco_path)
  File "/home/lizhuo/miniconda3/envs/necsa/lib/python3.7/site-packages/mujoco_py/builder.py", line 74, in load_cython_ext
    _ensure_set_env_var("LD_LIBRARY_PATH", lib_path)
  File "/home/lizhuo/miniconda3/envs/necsa/lib/python3.7/site-packages/mujoco_py/builder.py", line 124, in _ensure_set_env_var
    var_name, var_name, lib_path))
Exception: 
Missing path to your environment variable. 
Current values LD_LIBRARY_PATH=
Please add following line to .bashrc:
export LD_LIBRARY_PATH=$LD_LIBRARY_PATH:/home/lizhuo/.mujoco/mujoco210/bin
/home/lizhuo/NECSA/NECSA/mujoco_env.py:25: UserWarning: Recommend using envpool (pip install envpool) to run Mujoco environments more efficiently.
  "Recommend using envpool (pip install envpool) "
Traceback (most recent call last):
  File "necsa_td3.py", line 235, in <module>
    test_td3()
  File "necsa_td3.py", line 82, in test_td3
    args.task, args.seed, args.training_num, args.test_num, obs_norm=False
  File "/home/lizhuo/NECSA/NECSA/mujoco_env.py", line 28, in make_mujoco_env
    env = gym.make(task)
  File "/home/lizhuo/miniconda3/envs/necsa/lib/python3.7/site-packages/gym/envs/registration.py", line 676, in make
    return registry.make(id, **kwargs)
  File "/home/lizhuo/miniconda3/envs/necsa/lib/python3.7/site-packages/gym/envs/registration.py", line 520, in make
    return spec.make(**kwargs)
  File "/home/lizhuo/miniconda3/envs/necsa/lib/python3.7/site-packages/gym/envs/registration.py", line 139, in make
    cls = load(self.entry_point)
  File "/home/lizhuo/miniconda3/envs/necsa/lib/python3.7/site-packages/gym/envs/registration.py", line 55, in load
    mod = importlib.import_module(mod_name)
  File "/home/lizhuo/miniconda3/envs/necsa/lib/python3.7/importlib/__init__.py", line 127, in import_module
    return _bootstrap._gcd_import(name[level:], package, level)
  File "<frozen importlib._bootstrap>", line 1006, in _gcd_import
  File "<frozen importlib._bootstrap>", line 983, in _find_and_load
  File "<frozen importlib._bootstrap>", line 953, in _find_and_load_unlocked
  File "<frozen importlib._bootstrap>", line 219, in _call_with_frames_removed
  File "<frozen importlib._bootstrap>", line 1006, in _gcd_import
  File "<frozen importlib._bootstrap>", line 983, in _find_and_load
  File "<frozen importlib._bootstrap>", line 967, in _find_and_load_unlocked
  File "<frozen importlib._bootstrap>", line 677, in _load_unlocked
  File "<frozen importlib._bootstrap_external>", line 728, in exec_module
  File "<frozen importlib._bootstrap>", line 219, in _call_with_frames_removed
  File "/home/lizhuo/miniconda3/envs/necsa/lib/python3.7/site-packages/gym/envs/mujoco/__init__.py", line 1, in <module>
    from gym.envs.mujoco.mujoco_env import MujocoEnv
  File "/home/lizhuo/miniconda3/envs/necsa/lib/python3.7/site-packages/gym/envs/mujoco/mujoco_env.py", line 12, in <module>
    import mujoco_py
  File "/home/lizhuo/miniconda3/envs/necsa/lib/python3.7/site-packages/mujoco_py/__init__.py", line 2, in <module>
    from mujoco_py.builder import cymj, ignore_mujoco_warnings, functions, MujocoException
  File "/home/lizhuo/miniconda3/envs/necsa/lib/python3.7/site-packages/mujoco_py/builder.py", line 504, in <module>
    cymj = load_cython_ext(mujoco_path)
  File "/home/lizhuo/miniconda3/envs/necsa/lib/python3.7/site-packages/mujoco_py/builder.py", line 74, in load_cython_ext
    _ensure_set_env_var("LD_LIBRARY_PATH", lib_path)
  File "/home/lizhuo/miniconda3/envs/necsa/lib/python3.7/site-packages/mujoco_py/builder.py", line 124, in _ensure_set_env_var
    var_name, var_name, lib_path))
Exception: 
Missing path to your environment variable. 
Current values LD_LIBRARY_PATH=
Please add following line to .bashrc:
export LD_LIBRARY_PATH=$LD_LIBRARY_PATH:/home/lizhuo/.mujoco/mujoco210/bin
/home/lizhuo/NECSA/NECSA/mujoco_env.py:25: UserWarning: Recommend using envpool (pip install envpool) to run Mujoco environments more efficiently.
  "Recommend using envpool (pip install envpool) "
Traceback (most recent call last):
  File "necsa_td3.py", line 235, in <module>
    test_td3()
  File "necsa_td3.py", line 82, in test_td3
    args.task, args.seed, args.training_num, args.test_num, obs_norm=False
  File "/home/lizhuo/NECSA/NECSA/mujoco_env.py", line 28, in make_mujoco_env
    env = gym.make(task)
  File "/home/lizhuo/miniconda3/envs/necsa/lib/python3.7/site-packages/gym/envs/registration.py", line 676, in make
    return registry.make(id, **kwargs)
  File "/home/lizhuo/miniconda3/envs/necsa/lib/python3.7/site-packages/gym/envs/registration.py", line 520, in make
    return spec.make(**kwargs)
  File "/home/lizhuo/miniconda3/envs/necsa/lib/python3.7/site-packages/gym/envs/registration.py", line 139, in make
    cls = load(self.entry_point)
  File "/home/lizhuo/miniconda3/envs/necsa/lib/python3.7/site-packages/gym/envs/registration.py", line 55, in load
    mod = importlib.import_module(mod_name)
  File "/home/lizhuo/miniconda3/envs/necsa/lib/python3.7/importlib/__init__.py", line 127, in import_module
    return _bootstrap._gcd_import(name[level:], package, level)
  File "<frozen importlib._bootstrap>", line 1006, in _gcd_import
  File "<frozen importlib._bootstrap>", line 983, in _find_and_load
  File "<frozen importlib._bootstrap>", line 953, in _find_and_load_unlocked
  File "<frozen importlib._bootstrap>", line 219, in _call_with_frames_removed
  File "<frozen importlib._bootstrap>", line 1006, in _gcd_import
  File "<frozen importlib._bootstrap>", line 983, in _find_and_load
  File "<frozen importlib._bootstrap>", line 967, in _find_and_load_unlocked
  File "<frozen importlib._bootstrap>", line 677, in _load_unlocked
  File "<frozen importlib._bootstrap_external>", line 728, in exec_module
  File "<frozen importlib._bootstrap>", line 219, in _call_with_frames_removed
  File "/home/lizhuo/miniconda3/envs/necsa/lib/python3.7/site-packages/gym/envs/mujoco/__init__.py", line 1, in <module>
    from gym.envs.mujoco.mujoco_env import MujocoEnv
  File "/home/lizhuo/miniconda3/envs/necsa/lib/python3.7/site-packages/gym/envs/mujoco/mujoco_env.py", line 12, in <module>
    import mujoco_py
  File "/home/lizhuo/miniconda3/envs/necsa/lib/python3.7/site-packages/mujoco_py/__init__.py", line 2, in <module>
    from mujoco_py.builder import cymj, ignore_mujoco_warnings, functions, MujocoException
  File "/home/lizhuo/miniconda3/envs/necsa/lib/python3.7/site-packages/mujoco_py/builder.py", line 504, in <module>
    cymj = load_cython_ext(mujoco_path)
  File "/home/lizhuo/miniconda3/envs/necsa/lib/python3.7/site-packages/mujoco_py/builder.py", line 74, in load_cython_ext
    _ensure_set_env_var("LD_LIBRARY_PATH", lib_path)
  File "/home/lizhuo/miniconda3/envs/necsa/lib/python3.7/site-packages/mujoco_py/builder.py", line 124, in _ensure_set_env_var
    var_name, var_name, lib_path))
Exception: 
Missing path to your environment variable. 
Current values LD_LIBRARY_PATH=
Please add following line to .bashrc:
export LD_LIBRARY_PATH=$LD_LIBRARY_PATH:/home/lizhuo/.mujoco/mujoco210/bin
/home/lizhuo/NECSA/NECSA/mujoco_env.py:25: UserWarning: Recommend using envpool (pip install envpool) to run Mujoco environments more efficiently.
  "Recommend using envpool (pip install envpool) "
Traceback (most recent call last):
  File "necsa_td3.py", line 235, in <module>
    test_td3()
  File "necsa_td3.py", line 82, in test_td3
    args.task, args.seed, args.training_num, args.test_num, obs_norm=False
  File "/home/lizhuo/NECSA/NECSA/mujoco_env.py", line 28, in make_mujoco_env
    env = gym.make(task)
  File "/home/lizhuo/miniconda3/envs/necsa/lib/python3.7/site-packages/gym/envs/registration.py", line 676, in make
    return registry.make(id, **kwargs)
  File "/home/lizhuo/miniconda3/envs/necsa/lib/python3.7/site-packages/gym/envs/registration.py", line 520, in make
    return spec.make(**kwargs)
  File "/home/lizhuo/miniconda3/envs/necsa/lib/python3.7/site-packages/gym/envs/registration.py", line 139, in make
    cls = load(self.entry_point)
  File "/home/lizhuo/miniconda3/envs/necsa/lib/python3.7/site-packages/gym/envs/registration.py", line 55, in load
    mod = importlib.import_module(mod_name)
  File "/home/lizhuo/miniconda3/envs/necsa/lib/python3.7/importlib/__init__.py", line 127, in import_module
    return _bootstrap._gcd_import(name[level:], package, level)
  File "<frozen importlib._bootstrap>", line 1006, in _gcd_import
  File "<frozen importlib._bootstrap>", line 983, in _find_and_load
  File "<frozen importlib._bootstrap>", line 953, in _find_and_load_unlocked
  File "<frozen importlib._bootstrap>", line 219, in _call_with_frames_removed
  File "<frozen importlib._bootstrap>", line 1006, in _gcd_import
  File "<frozen importlib._bootstrap>", line 983, in _find_and_load
  File "<frozen importlib._bootstrap>", line 967, in _find_and_load_unlocked
  File "<frozen importlib._bootstrap>", line 677, in _load_unlocked
  File "<frozen importlib._bootstrap_external>", line 728, in exec_module
  File "<frozen importlib._bootstrap>", line 219, in _call_with_frames_removed
  File "/home/lizhuo/miniconda3/envs/necsa/lib/python3.7/site-packages/gym/envs/mujoco/__init__.py", line 1, in <module>
    from gym.envs.mujoco.mujoco_env import MujocoEnv
  File "/home/lizhuo/miniconda3/envs/necsa/lib/python3.7/site-packages/gym/envs/mujoco/mujoco_env.py", line 12, in <module>
    import mujoco_py
  File "/home/lizhuo/miniconda3/envs/necsa/lib/python3.7/site-packages/mujoco_py/__init__.py", line 2, in <module>
    from mujoco_py.builder import cymj, ignore_mujoco_warnings, functions, MujocoException
  File "/home/lizhuo/miniconda3/envs/necsa/lib/python3.7/site-packages/mujoco_py/builder.py", line 504, in <module>
    cymj = load_cython_ext(mujoco_path)
  File "/home/lizhuo/miniconda3/envs/necsa/lib/python3.7/site-packages/mujoco_py/builder.py", line 74, in load_cython_ext
    _ensure_set_env_var("LD_LIBRARY_PATH", lib_path)
  File "/home/lizhuo/miniconda3/envs/necsa/lib/python3.7/site-packages/mujoco_py/builder.py", line 124, in _ensure_set_env_var
    var_name, var_name, lib_path))
Exception: 
Missing path to your environment variable. 
Current values LD_LIBRARY_PATH=
Please add following line to .bashrc:
export LD_LIBRARY_PATH=$LD_LIBRARY_PATH:/home/lizhuo/.mujoco/mujoco210/bin
/home/lizhuo/NECSA/NECSA/mujoco_env.py:25: UserWarning: Recommend using envpool (pip install envpool) to run Mujoco environments more efficiently.
  "Recommend using envpool (pip install envpool) "
Traceback (most recent call last):
  File "necsa_td3.py", line 235, in <module>
    test_td3()
  File "necsa_td3.py", line 82, in test_td3
    args.task, args.seed, args.training_num, args.test_num, obs_norm=False
  File "/home/lizhuo/NECSA/NECSA/mujoco_env.py", line 28, in make_mujoco_env
    env = gym.make(task)
  File "/home/lizhuo/miniconda3/envs/necsa/lib/python3.7/site-packages/gym/envs/registration.py", line 676, in make
    return registry.make(id, **kwargs)
  File "/home/lizhuo/miniconda3/envs/necsa/lib/python3.7/site-packages/gym/envs/registration.py", line 520, in make
    return spec.make(**kwargs)
  File "/home/lizhuo/miniconda3/envs/necsa/lib/python3.7/site-packages/gym/envs/registration.py", line 139, in make
    cls = load(self.entry_point)
  File "/home/lizhuo/miniconda3/envs/necsa/lib/python3.7/site-packages/gym/envs/registration.py", line 55, in load
    mod = importlib.import_module(mod_name)
  File "/home/lizhuo/miniconda3/envs/necsa/lib/python3.7/importlib/__init__.py", line 127, in import_module
    return _bootstrap._gcd_import(name[level:], package, level)
  File "<frozen importlib._bootstrap>", line 1006, in _gcd_import
  File "<frozen importlib._bootstrap>", line 983, in _find_and_load
  File "<frozen importlib._bootstrap>", line 953, in _find_and_load_unlocked
  File "<frozen importlib._bootstrap>", line 219, in _call_with_frames_removed
  File "<frozen importlib._bootstrap>", line 1006, in _gcd_import
  File "<frozen importlib._bootstrap>", line 983, in _find_and_load
  File "<frozen importlib._bootstrap>", line 967, in _find_and_load_unlocked
  File "<frozen importlib._bootstrap>", line 677, in _load_unlocked
  File "<frozen importlib._bootstrap_external>", line 728, in exec_module
  File "<frozen importlib._bootstrap>", line 219, in _call_with_frames_removed
  File "/home/lizhuo/miniconda3/envs/necsa/lib/python3.7/site-packages/gym/envs/mujoco/__init__.py", line 1, in <module>
    from gym.envs.mujoco.mujoco_env import MujocoEnv
  File "/home/lizhuo/miniconda3/envs/necsa/lib/python3.7/site-packages/gym/envs/mujoco/mujoco_env.py", line 12, in <module>
    import mujoco_py
  File "/home/lizhuo/miniconda3/envs/necsa/lib/python3.7/site-packages/mujoco_py/__init__.py", line 2, in <module>
    from mujoco_py.builder import cymj, ignore_mujoco_warnings, functions, MujocoException
  File "/home/lizhuo/miniconda3/envs/necsa/lib/python3.7/site-packages/mujoco_py/builder.py", line 504, in <module>
    cymj = load_cython_ext(mujoco_path)
  File "/home/lizhuo/miniconda3/envs/necsa/lib/python3.7/site-packages/mujoco_py/builder.py", line 74, in load_cython_ext
    _ensure_set_env_var("LD_LIBRARY_PATH", lib_path)
  File "/home/lizhuo/miniconda3/envs/necsa/lib/python3.7/site-packages/mujoco_py/builder.py", line 124, in _ensure_set_env_var
    var_name, var_name, lib_path))
Exception: 
Missing path to your environment variable. 
Current values LD_LIBRARY_PATH=
Please add following line to .bashrc:
export LD_LIBRARY_PATH=$LD_LIBRARY_PATH:/home/lizhuo/.mujoco/mujoco210/bin
/home/lizhuo/NECSA/NECSA/mujoco_env.py:25: UserWarning: Recommend using envpool (pip install envpool) to run Mujoco environments more efficiently.
  "Recommend using envpool (pip install envpool) "
Traceback (most recent call last):
  File "necsa_td3.py", line 235, in <module>
    test_td3()
  File "necsa_td3.py", line 82, in test_td3
    args.task, args.seed, args.training_num, args.test_num, obs_norm=False
  File "/home/lizhuo/NECSA/NECSA/mujoco_env.py", line 28, in make_mujoco_env
    env = gym.make(task)
  File "/home/lizhuo/miniconda3/envs/necsa/lib/python3.7/site-packages/gym/envs/registration.py", line 676, in make
    return registry.make(id, **kwargs)
  File "/home/lizhuo/miniconda3/envs/necsa/lib/python3.7/site-packages/gym/envs/registration.py", line 520, in make
    return spec.make(**kwargs)
  File "/home/lizhuo/miniconda3/envs/necsa/lib/python3.7/site-packages/gym/envs/registration.py", line 139, in make
    cls = load(self.entry_point)
  File "/home/lizhuo/miniconda3/envs/necsa/lib/python3.7/site-packages/gym/envs/registration.py", line 55, in load
    mod = importlib.import_module(mod_name)
  File "/home/lizhuo/miniconda3/envs/necsa/lib/python3.7/importlib/__init__.py", line 127, in import_module
    return _bootstrap._gcd_import(name[level:], package, level)
  File "<frozen importlib._bootstrap>", line 1006, in _gcd_import
  File "<frozen importlib._bootstrap>", line 983, in _find_and_load
  File "<frozen importlib._bootstrap>", line 953, in _find_and_load_unlocked
  File "<frozen importlib._bootstrap>", line 219, in _call_with_frames_removed
  File "<frozen importlib._bootstrap>", line 1006, in _gcd_import
  File "<frozen importlib._bootstrap>", line 983, in _find_and_load
  File "<frozen importlib._bootstrap>", line 967, in _find_and_load_unlocked
  File "<frozen importlib._bootstrap>", line 677, in _load_unlocked
  File "<frozen importlib._bootstrap_external>", line 728, in exec_module
  File "<frozen importlib._bootstrap>", line 219, in _call_with_frames_removed
  File "/home/lizhuo/miniconda3/envs/necsa/lib/python3.7/site-packages/gym/envs/mujoco/__init__.py", line 1, in <module>
    from gym.envs.mujoco.mujoco_env import MujocoEnv
  File "/home/lizhuo/miniconda3/envs/necsa/lib/python3.7/site-packages/gym/envs/mujoco/mujoco_env.py", line 12, in <module>
    import mujoco_py
  File "/home/lizhuo/miniconda3/envs/necsa/lib/python3.7/site-packages/mujoco_py/__init__.py", line 2, in <module>
    from mujoco_py.builder import cymj, ignore_mujoco_warnings, functions, MujocoException
  File "/home/lizhuo/miniconda3/envs/necsa/lib/python3.7/site-packages/mujoco_py/builder.py", line 504, in <module>
    cymj = load_cython_ext(mujoco_path)
  File "/home/lizhuo/miniconda3/envs/necsa/lib/python3.7/site-packages/mujoco_py/builder.py", line 74, in load_cython_ext
    _ensure_set_env_var("LD_LIBRARY_PATH", lib_path)
  File "/home/lizhuo/miniconda3/envs/necsa/lib/python3.7/site-packages/mujoco_py/builder.py", line 124, in _ensure_set_env_var
    var_name, var_name, lib_path))
Exception: 
Missing path to your environment variable. 
Current values LD_LIBRARY_PATH=
Please add following line to .bashrc:
export LD_LIBRARY_PATH=$LD_LIBRARY_PATH:/home/lizhuo/.mujoco/mujoco210/bin
/home/lizhuo/NECSA/NECSA/mujoco_env.py:25: UserWarning: Recommend using envpool (pip install envpool) to run Mujoco environments more efficiently.
  "Recommend using envpool (pip install envpool) "
Traceback (most recent call last):
  File "necsa_td3.py", line 235, in <module>
    test_td3()
  File "necsa_td3.py", line 82, in test_td3
    args.task, args.seed, args.training_num, args.test_num, obs_norm=False
  File "/home/lizhuo/NECSA/NECSA/mujoco_env.py", line 28, in make_mujoco_env
    env = gym.make(task)
  File "/home/lizhuo/miniconda3/envs/necsa/lib/python3.7/site-packages/gym/envs/registration.py", line 676, in make
    return registry.make(id, **kwargs)
  File "/home/lizhuo/miniconda3/envs/necsa/lib/python3.7/site-packages/gym/envs/registration.py", line 520, in make
    return spec.make(**kwargs)
  File "/home/lizhuo/miniconda3/envs/necsa/lib/python3.7/site-packages/gym/envs/registration.py", line 139, in make
    cls = load(self.entry_point)
  File "/home/lizhuo/miniconda3/envs/necsa/lib/python3.7/site-packages/gym/envs/registration.py", line 55, in load
    mod = importlib.import_module(mod_name)
  File "/home/lizhuo/miniconda3/envs/necsa/lib/python3.7/importlib/__init__.py", line 127, in import_module
    return _bootstrap._gcd_import(name[level:], package, level)
  File "<frozen importlib._bootstrap>", line 1006, in _gcd_import
  File "<frozen importlib._bootstrap>", line 983, in _find_and_load
  File "<frozen importlib._bootstrap>", line 953, in _find_and_load_unlocked
  File "<frozen importlib._bootstrap>", line 219, in _call_with_frames_removed
  File "<frozen importlib._bootstrap>", line 1006, in _gcd_import
  File "<frozen importlib._bootstrap>", line 983, in _find_and_load
  File "<frozen importlib._bootstrap>", line 967, in _find_and_load_unlocked
  File "<frozen importlib._bootstrap>", line 677, in _load_unlocked
  File "<frozen importlib._bootstrap_external>", line 728, in exec_module
  File "<frozen importlib._bootstrap>", line 219, in _call_with_frames_removed
  File "/home/lizhuo/miniconda3/envs/necsa/lib/python3.7/site-packages/gym/envs/mujoco/__init__.py", line 1, in <module>
    from gym.envs.mujoco.mujoco_env import MujocoEnv
  File "/home/lizhuo/miniconda3/envs/necsa/lib/python3.7/site-packages/gym/envs/mujoco/mujoco_env.py", line 12, in <module>
    import mujoco_py
  File "/home/lizhuo/miniconda3/envs/necsa/lib/python3.7/site-packages/mujoco_py/__init__.py", line 2, in <module>
    from mujoco_py.builder import cymj, ignore_mujoco_warnings, functions, MujocoException
  File "/home/lizhuo/miniconda3/envs/necsa/lib/python3.7/site-packages/mujoco_py/builder.py", line 504, in <module>
    cymj = load_cython_ext(mujoco_path)
  File "/home/lizhuo/miniconda3/envs/necsa/lib/python3.7/site-packages/mujoco_py/builder.py", line 74, in load_cython_ext
    _ensure_set_env_var("LD_LIBRARY_PATH", lib_path)
  File "/home/lizhuo/miniconda3/envs/necsa/lib/python3.7/site-packages/mujoco_py/builder.py", line 124, in _ensure_set_env_var
    var_name, var_name, lib_path))
Exception: 
Missing path to your environment variable. 
Current values LD_LIBRARY_PATH=
Please add following line to .bashrc:
export LD_LIBRARY_PATH=$LD_LIBRARY_PATH:/home/lizhuo/.mujoco/mujoco210/bin
/home/lizhuo/NECSA/NECSA/mujoco_env.py:25: UserWarning: Recommend using envpool (pip install envpool) to run Mujoco environments more efficiently.
  "Recommend using envpool (pip install envpool) "
Traceback (most recent call last):
  File "necsa_td3.py", line 235, in <module>
    test_td3()
  File "necsa_td3.py", line 82, in test_td3
    args.task, args.seed, args.training_num, args.test_num, obs_norm=False
  File "/home/lizhuo/NECSA/NECSA/mujoco_env.py", line 28, in make_mujoco_env
    env = gym.make(task)
  File "/home/lizhuo/miniconda3/envs/necsa/lib/python3.7/site-packages/gym/envs/registration.py", line 676, in make
    return registry.make(id, **kwargs)
  File "/home/lizhuo/miniconda3/envs/necsa/lib/python3.7/site-packages/gym/envs/registration.py", line 520, in make
    return spec.make(**kwargs)
  File "/home/lizhuo/miniconda3/envs/necsa/lib/python3.7/site-packages/gym/envs/registration.py", line 139, in make
    cls = load(self.entry_point)
  File "/home/lizhuo/miniconda3/envs/necsa/lib/python3.7/site-packages/gym/envs/registration.py", line 55, in load
    mod = importlib.import_module(mod_name)
  File "/home/lizhuo/miniconda3/envs/necsa/lib/python3.7/importlib/__init__.py", line 127, in import_module
    return _bootstrap._gcd_import(name[level:], package, level)
  File "<frozen importlib._bootstrap>", line 1006, in _gcd_import
  File "<frozen importlib._bootstrap>", line 983, in _find_and_load
  File "<frozen importlib._bootstrap>", line 953, in _find_and_load_unlocked
  File "<frozen importlib._bootstrap>", line 219, in _call_with_frames_removed
  File "<frozen importlib._bootstrap>", line 1006, in _gcd_import
  File "<frozen importlib._bootstrap>", line 983, in _find_and_load
  File "<frozen importlib._bootstrap>", line 967, in _find_and_load_unlocked
  File "<frozen importlib._bootstrap>", line 677, in _load_unlocked
  File "<frozen importlib._bootstrap_external>", line 728, in exec_module
  File "<frozen importlib._bootstrap>", line 219, in _call_with_frames_removed
  File "/home/lizhuo/miniconda3/envs/necsa/lib/python3.7/site-packages/gym/envs/mujoco/__init__.py", line 1, in <module>
    from gym.envs.mujoco.mujoco_env import MujocoEnv
  File "/home/lizhuo/miniconda3/envs/necsa/lib/python3.7/site-packages/gym/envs/mujoco/mujoco_env.py", line 12, in <module>
    import mujoco_py
  File "/home/lizhuo/miniconda3/envs/necsa/lib/python3.7/site-packages/mujoco_py/__init__.py", line 2, in <module>
    from mujoco_py.builder import cymj, ignore_mujoco_warnings, functions, MujocoException
  File "/home/lizhuo/miniconda3/envs/necsa/lib/python3.7/site-packages/mujoco_py/builder.py", line 504, in <module>
    cymj = load_cython_ext(mujoco_path)
  File "/home/lizhuo/miniconda3/envs/necsa/lib/python3.7/site-packages/mujoco_py/builder.py", line 74, in load_cython_ext
    _ensure_set_env_var("LD_LIBRARY_PATH", lib_path)
  File "/home/lizhuo/miniconda3/envs/necsa/lib/python3.7/site-packages/mujoco_py/builder.py", line 124, in _ensure_set_env_var
    var_name, var_name, lib_path))
Exception: 
Missing path to your environment variable. 
Current values LD_LIBRARY_PATH=
Please add following line to .bashrc:
export LD_LIBRARY_PATH=$LD_LIBRARY_PATH:/home/lizhuo/.mujoco/mujoco210/bin
/home/lizhuo/NECSA/NECSA/mujoco_env.py:25: UserWarning: Recommend using envpool (pip install envpool) to run Mujoco environments more efficiently.
  "Recommend using envpool (pip install envpool) "
Traceback (most recent call last):
  File "necsa_td3.py", line 235, in <module>
    test_td3()
  File "necsa_td3.py", line 82, in test_td3
    args.task, args.seed, args.training_num, args.test_num, obs_norm=False
  File "/home/lizhuo/NECSA/NECSA/mujoco_env.py", line 28, in make_mujoco_env
    env = gym.make(task)
  File "/home/lizhuo/miniconda3/envs/necsa/lib/python3.7/site-packages/gym/envs/registration.py", line 676, in make
    return registry.make(id, **kwargs)
  File "/home/lizhuo/miniconda3/envs/necsa/lib/python3.7/site-packages/gym/envs/registration.py", line 520, in make
    return spec.make(**kwargs)
  File "/home/lizhuo/miniconda3/envs/necsa/lib/python3.7/site-packages/gym/envs/registration.py", line 139, in make
    cls = load(self.entry_point)
  File "/home/lizhuo/miniconda3/envs/necsa/lib/python3.7/site-packages/gym/envs/registration.py", line 55, in load
    mod = importlib.import_module(mod_name)
  File "/home/lizhuo/miniconda3/envs/necsa/lib/python3.7/importlib/__init__.py", line 127, in import_module
    return _bootstrap._gcd_import(name[level:], package, level)
  File "<frozen importlib._bootstrap>", line 1006, in _gcd_import
  File "<frozen importlib._bootstrap>", line 983, in _find_and_load
  File "<frozen importlib._bootstrap>", line 953, in _find_and_load_unlocked
  File "<frozen importlib._bootstrap>", line 219, in _call_with_frames_removed
  File "<frozen importlib._bootstrap>", line 1006, in _gcd_import
  File "<frozen importlib._bootstrap>", line 983, in _find_and_load
  File "<frozen importlib._bootstrap>", line 967, in _find_and_load_unlocked
  File "<frozen importlib._bootstrap>", line 677, in _load_unlocked
  File "<frozen importlib._bootstrap_external>", line 728, in exec_module
  File "<frozen importlib._bootstrap>", line 219, in _call_with_frames_removed
  File "/home/lizhuo/miniconda3/envs/necsa/lib/python3.7/site-packages/gym/envs/mujoco/__init__.py", line 1, in <module>
    from gym.envs.mujoco.mujoco_env import MujocoEnv
  File "/home/lizhuo/miniconda3/envs/necsa/lib/python3.7/site-packages/gym/envs/mujoco/mujoco_env.py", line 12, in <module>
    import mujoco_py
  File "/home/lizhuo/miniconda3/envs/necsa/lib/python3.7/site-packages/mujoco_py/__init__.py", line 2, in <module>
    from mujoco_py.builder import cymj, ignore_mujoco_warnings, functions, MujocoException
  File "/home/lizhuo/miniconda3/envs/necsa/lib/python3.7/site-packages/mujoco_py/builder.py", line 504, in <module>
    cymj = load_cython_ext(mujoco_path)
  File "/home/lizhuo/miniconda3/envs/necsa/lib/python3.7/site-packages/mujoco_py/builder.py", line 74, in load_cython_ext
    _ensure_set_env_var("LD_LIBRARY_PATH", lib_path)
  File "/home/lizhuo/miniconda3/envs/necsa/lib/python3.7/site-packages/mujoco_py/builder.py", line 124, in _ensure_set_env_var
    var_name, var_name, lib_path))
Exception: 
Missing path to your environment variable. 
Current values LD_LIBRARY_PATH=
Please add following line to .bashrc:
export LD_LIBRARY_PATH=$LD_LIBRARY_PATH:/home/lizhuo/.mujoco/mujoco210/bin
/home/lizhuo/NECSA/NECSA/mujoco_env.py:25: UserWarning: Recommend using envpool (pip install envpool) to run Mujoco environments more efficiently.
  "Recommend using envpool (pip install envpool) "
Traceback (most recent call last):
  File "necsa_td3.py", line 235, in <module>
    test_td3()
  File "necsa_td3.py", line 82, in test_td3
    args.task, args.seed, args.training_num, args.test_num, obs_norm=False
  File "/home/lizhuo/NECSA/NECSA/mujoco_env.py", line 28, in make_mujoco_env
    env = gym.make(task)
  File "/home/lizhuo/miniconda3/envs/necsa/lib/python3.7/site-packages/gym/envs/registration.py", line 676, in make
    return registry.make(id, **kwargs)
  File "/home/lizhuo/miniconda3/envs/necsa/lib/python3.7/site-packages/gym/envs/registration.py", line 520, in make
    return spec.make(**kwargs)
  File "/home/lizhuo/miniconda3/envs/necsa/lib/python3.7/site-packages/gym/envs/registration.py", line 139, in make
    cls = load(self.entry_point)
  File "/home/lizhuo/miniconda3/envs/necsa/lib/python3.7/site-packages/gym/envs/registration.py", line 55, in load
    mod = importlib.import_module(mod_name)
  File "/home/lizhuo/miniconda3/envs/necsa/lib/python3.7/importlib/__init__.py", line 127, in import_module
    return _bootstrap._gcd_import(name[level:], package, level)
  File "<frozen importlib._bootstrap>", line 1006, in _gcd_import
  File "<frozen importlib._bootstrap>", line 983, in _find_and_load
  File "<frozen importlib._bootstrap>", line 953, in _find_and_load_unlocked
  File "<frozen importlib._bootstrap>", line 219, in _call_with_frames_removed
  File "<frozen importlib._bootstrap>", line 1006, in _gcd_import
  File "<frozen importlib._bootstrap>", line 983, in _find_and_load
  File "<frozen importlib._bootstrap>", line 967, in _find_and_load_unlocked
  File "<frozen importlib._bootstrap>", line 677, in _load_unlocked
  File "<frozen importlib._bootstrap_external>", line 728, in exec_module
  File "<frozen importlib._bootstrap>", line 219, in _call_with_frames_removed
  File "/home/lizhuo/miniconda3/envs/necsa/lib/python3.7/site-packages/gym/envs/mujoco/__init__.py", line 1, in <module>
    from gym.envs.mujoco.mujoco_env import MujocoEnv
  File "/home/lizhuo/miniconda3/envs/necsa/lib/python3.7/site-packages/gym/envs/mujoco/mujoco_env.py", line 12, in <module>
    import mujoco_py
  File "/home/lizhuo/miniconda3/envs/necsa/lib/python3.7/site-packages/mujoco_py/__init__.py", line 2, in <module>
    from mujoco_py.builder import cymj, ignore_mujoco_warnings, functions, MujocoException
  File "/home/lizhuo/miniconda3/envs/necsa/lib/python3.7/site-packages/mujoco_py/builder.py", line 504, in <module>
    cymj = load_cython_ext(mujoco_path)
  File "/home/lizhuo/miniconda3/envs/necsa/lib/python3.7/site-packages/mujoco_py/builder.py", line 74, in load_cython_ext
    _ensure_set_env_var("LD_LIBRARY_PATH", lib_path)
  File "/home/lizhuo/miniconda3/envs/necsa/lib/python3.7/site-packages/mujoco_py/builder.py", line 124, in _ensure_set_env_var
    var_name, var_name, lib_path))
Exception: 
Missing path to your environment variable. 
Current values LD_LIBRARY_PATH=
Please add following line to .bashrc:
export LD_LIBRARY_PATH=$LD_LIBRARY_PATH:/home/lizhuo/.mujoco/mujoco210/bin
/home/lizhuo/NECSA/NECSA/mujoco_env.py:25: UserWarning: Recommend using envpool (pip install envpool) to run Mujoco environments more efficiently.
  "Recommend using envpool (pip install envpool) "
Traceback (most recent call last):
  File "necsa_td3.py", line 235, in <module>
    test_td3()
  File "necsa_td3.py", line 82, in test_td3
    args.task, args.seed, args.training_num, args.test_num, obs_norm=False
  File "/home/lizhuo/NECSA/NECSA/mujoco_env.py", line 28, in make_mujoco_env
    env = gym.make(task)
  File "/home/lizhuo/miniconda3/envs/necsa/lib/python3.7/site-packages/gym/envs/registration.py", line 676, in make
    return registry.make(id, **kwargs)
  File "/home/lizhuo/miniconda3/envs/necsa/lib/python3.7/site-packages/gym/envs/registration.py", line 520, in make
    return spec.make(**kwargs)
  File "/home/lizhuo/miniconda3/envs/necsa/lib/python3.7/site-packages/gym/envs/registration.py", line 139, in make
    cls = load(self.entry_point)
  File "/home/lizhuo/miniconda3/envs/necsa/lib/python3.7/site-packages/gym/envs/registration.py", line 55, in load
    mod = importlib.import_module(mod_name)
  File "/home/lizhuo/miniconda3/envs/necsa/lib/python3.7/importlib/__init__.py", line 127, in import_module
    return _bootstrap._gcd_import(name[level:], package, level)
  File "<frozen importlib._bootstrap>", line 1006, in _gcd_import
  File "<frozen importlib._bootstrap>", line 983, in _find_and_load
  File "<frozen importlib._bootstrap>", line 953, in _find_and_load_unlocked
  File "<frozen importlib._bootstrap>", line 219, in _call_with_frames_removed
  File "<frozen importlib._bootstrap>", line 1006, in _gcd_import
  File "<frozen importlib._bootstrap>", line 983, in _find_and_load
  File "<frozen importlib._bootstrap>", line 967, in _find_and_load_unlocked
  File "<frozen importlib._bootstrap>", line 677, in _load_unlocked
  File "<frozen importlib._bootstrap_external>", line 728, in exec_module
  File "<frozen importlib._bootstrap>", line 219, in _call_with_frames_removed
  File "/home/lizhuo/miniconda3/envs/necsa/lib/python3.7/site-packages/gym/envs/mujoco/__init__.py", line 1, in <module>
    from gym.envs.mujoco.mujoco_env import MujocoEnv
  File "/home/lizhuo/miniconda3/envs/necsa/lib/python3.7/site-packages/gym/envs/mujoco/mujoco_env.py", line 12, in <module>
    import mujoco_py
  File "/home/lizhuo/miniconda3/envs/necsa/lib/python3.7/site-packages/mujoco_py/__init__.py", line 2, in <module>
    from mujoco_py.builder import cymj, ignore_mujoco_warnings, functions, MujocoException
  File "/home/lizhuo/miniconda3/envs/necsa/lib/python3.7/site-packages/mujoco_py/builder.py", line 504, in <module>
    cymj = load_cython_ext(mujoco_path)
  File "/home/lizhuo/miniconda3/envs/necsa/lib/python3.7/site-packages/mujoco_py/builder.py", line 74, in load_cython_ext
    _ensure_set_env_var("LD_LIBRARY_PATH", lib_path)
  File "/home/lizhuo/miniconda3/envs/necsa/lib/python3.7/site-packages/mujoco_py/builder.py", line 124, in _ensure_set_env_var
    var_name, var_name, lib_path))
Exception: 
Missing path to your environment variable. 
Current values LD_LIBRARY_PATH=
Please add following line to .bashrc:
export LD_LIBRARY_PATH=$LD_LIBRARY_PATH:/home/lizhuo/.mujoco/mujoco210/bin
Terminated
Terminated
Terminated
Terminated
Terminated
Terminated
Terminated
Terminated
Terminated
Terminated
Terminated
Terminated
Terminated
Terminated
Terminated
Terminated
Terminated
Terminated
Terminated
Terminated
Terminated
Terminated
Terminated
Terminated
Terminated
Terminated
Terminated
Terminated
Terminated
Terminated
Terminated
Terminated
Terminated
Terminated
Terminated
Terminated
Terminated
Terminated
Terminated
Terminated
Terminated
Terminated
Terminated
Terminated
Terminated
Terminated
Terminated
Terminated
Terminated
Terminated
Terminated
Terminated
Terminated
Terminated
Terminated
Terminated
Terminated
Terminated
Terminated
Terminated
Terminated
Terminated
Terminated
/home/lizhuo/NECSA/NECSA/mujoco_env.py:25: UserWarning: Recommend using envpool (pip install envpool) to run Mujoco environments more efficiently.
  "Recommend using envpool (pip install envpool) "
Traceback (most recent call last):
  File "necsa_td3.py", line 235, in <module>
    test_td3()
  File "necsa_td3.py", line 82, in test_td3
    args.task, args.seed, args.training_num, args.test_num, obs_norm=False
  File "/home/lizhuo/NECSA/NECSA/mujoco_env.py", line 28, in make_mujoco_env
    env = gym.make(task)
  File "/home/lizhuo/miniconda3/envs/necsa/lib/python3.7/site-packages/gym/envs/registration.py", line 676, in make
    return registry.make(id, **kwargs)
  File "/home/lizhuo/miniconda3/envs/necsa/lib/python3.7/site-packages/gym/envs/registration.py", line 520, in make
    return spec.make(**kwargs)
  File "/home/lizhuo/miniconda3/envs/necsa/lib/python3.7/site-packages/gym/envs/registration.py", line 139, in make
    cls = load(self.entry_point)
  File "/home/lizhuo/miniconda3/envs/necsa/lib/python3.7/site-packages/gym/envs/registration.py", line 55, in load
    mod = importlib.import_module(mod_name)
  File "/home/lizhuo/miniconda3/envs/necsa/lib/python3.7/importlib/__init__.py", line 127, in import_module
    return _bootstrap._gcd_import(name[level:], package, level)
  File "<frozen importlib._bootstrap>", line 1006, in _gcd_import
  File "<frozen importlib._bootstrap>", line 983, in _find_and_load
  File "<frozen importlib._bootstrap>", line 953, in _find_and_load_unlocked
  File "<frozen importlib._bootstrap>", line 219, in _call_with_frames_removed
  File "<frozen importlib._bootstrap>", line 1006, in _gcd_import
  File "<frozen importlib._bootstrap>", line 983, in _find_and_load
  File "<frozen importlib._bootstrap>", line 967, in _find_and_load_unlocked
  File "<frozen importlib._bootstrap>", line 677, in _load_unlocked
  File "<frozen importlib._bootstrap_external>", line 728, in exec_module
  File "<frozen importlib._bootstrap>", line 219, in _call_with_frames_removed
  File "/home/lizhuo/miniconda3/envs/necsa/lib/python3.7/site-packages/gym/envs/mujoco/__init__.py", line 1, in <module>
    from gym.envs.mujoco.mujoco_env import MujocoEnv
  File "/home/lizhuo/miniconda3/envs/necsa/lib/python3.7/site-packages/gym/envs/mujoco/mujoco_env.py", line 12, in <module>
    import mujoco_py
  File "/home/lizhuo/miniconda3/envs/necsa/lib/python3.7/site-packages/mujoco_py/__init__.py", line 2, in <module>
    from mujoco_py.builder import cymj, ignore_mujoco_warnings, functions, MujocoException
  File "/home/lizhuo/miniconda3/envs/necsa/lib/python3.7/site-packages/mujoco_py/builder.py", line 504, in <module>
    cymj = load_cython_ext(mujoco_path)
  File "/home/lizhuo/miniconda3/envs/necsa/lib/python3.7/site-packages/mujoco_py/builder.py", line 76, in load_cython_ext
    _ensure_set_env_var("LD_LIBRARY_PATH", get_nvidia_lib_dir())
  File "/home/lizhuo/miniconda3/envs/necsa/lib/python3.7/site-packages/mujoco_py/builder.py", line 124, in _ensure_set_env_var
    var_name, var_name, lib_path))
Exception: 
Missing path to your environment variable. 
Current values LD_LIBRARY_PATH=:/home/lizhuo/.mujoco/mujoco210/bin
Please add following line to .bashrc:
export LD_LIBRARY_PATH=$LD_LIBRARY_PATH:/usr/lib/nvidia
/home/lizhuo/NECSA/NECSA/mujoco_env.py:25: UserWarning: Recommend using envpool (pip install envpool) to run Mujoco environments more efficiently.
  "Recommend using envpool (pip install envpool) "
Traceback (most recent call last):
  File "necsa_td3.py", line 235, in <module>
    test_td3()
  File "necsa_td3.py", line 82, in test_td3
    args.task, args.seed, args.training_num, args.test_num, obs_norm=False
  File "/home/lizhuo/NECSA/NECSA/mujoco_env.py", line 28, in make_mujoco_env
    env = gym.make(task)
  File "/home/lizhuo/miniconda3/envs/necsa/lib/python3.7/site-packages/gym/envs/registration.py", line 676, in make
    return registry.make(id, **kwargs)
  File "/home/lizhuo/miniconda3/envs/necsa/lib/python3.7/site-packages/gym/envs/registration.py", line 520, in make
    return spec.make(**kwargs)
  File "/home/lizhuo/miniconda3/envs/necsa/lib/python3.7/site-packages/gym/envs/registration.py", line 139, in make
    cls = load(self.entry_point)
  File "/home/lizhuo/miniconda3/envs/necsa/lib/python3.7/site-packages/gym/envs/registration.py", line 55, in load
    mod = importlib.import_module(mod_name)
  File "/home/lizhuo/miniconda3/envs/necsa/lib/python3.7/importlib/__init__.py", line 127, in import_module
    return _bootstrap._gcd_import(name[level:], package, level)
  File "<frozen importlib._bootstrap>", line 1006, in _gcd_import
  File "<frozen importlib._bootstrap>", line 983, in _find_and_load
  File "<frozen importlib._bootstrap>", line 953, in _find_and_load_unlocked
  File "<frozen importlib._bootstrap>", line 219, in _call_with_frames_removed
  File "<frozen importlib._bootstrap>", line 1006, in _gcd_import
  File "<frozen importlib._bootstrap>", line 983, in _find_and_load
  File "<frozen importlib._bootstrap>", line 967, in _find_and_load_unlocked
  File "<frozen importlib._bootstrap>", line 677, in _load_unlocked
  File "<frozen importlib._bootstrap_external>", line 728, in exec_module
  File "<frozen importlib._bootstrap>", line 219, in _call_with_frames_removed
  File "/home/lizhuo/miniconda3/envs/necsa/lib/python3.7/site-packages/gym/envs/mujoco/__init__.py", line 1, in <module>
    from gym.envs.mujoco.mujoco_env import MujocoEnv
  File "/home/lizhuo/miniconda3/envs/necsa/lib/python3.7/site-packages/gym/envs/mujoco/mujoco_env.py", line 12, in <module>
    import mujoco_py
  File "/home/lizhuo/miniconda3/envs/necsa/lib/python3.7/site-packages/mujoco_py/__init__.py", line 2, in <module>
    from mujoco_py.builder import cymj, ignore_mujoco_warnings, functions, MujocoException
  File "/home/lizhuo/miniconda3/envs/necsa/lib/python3.7/site-packages/mujoco_py/builder.py", line 504, in <module>
    cymj = load_cython_ext(mujoco_path)
  File "/home/lizhuo/miniconda3/envs/necsa/lib/python3.7/site-packages/mujoco_py/builder.py", line 76, in load_cython_ext
    _ensure_set_env_var("LD_LIBRARY_PATH", get_nvidia_lib_dir())
  File "/home/lizhuo/miniconda3/envs/necsa/lib/python3.7/site-packages/mujoco_py/builder.py", line 124, in _ensure_set_env_var
    var_name, var_name, lib_path))
Exception: 
Missing path to your environment variable. 
Current values LD_LIBRARY_PATH=:/home/lizhuo/.mujoco/mujoco210/bin
Please add following line to .bashrc:
export LD_LIBRARY_PATH=$LD_LIBRARY_PATH:/usr/lib/nvidia
/home/lizhuo/NECSA/NECSA/mujoco_env.py:25: UserWarning: Recommend using envpool (pip install envpool) to run Mujoco environments more efficiently.
  "Recommend using envpool (pip install envpool) "
Traceback (most recent call last):
  File "necsa_td3.py", line 235, in <module>
    test_td3()
  File "necsa_td3.py", line 82, in test_td3
    args.task, args.seed, args.training_num, args.test_num, obs_norm=False
  File "/home/lizhuo/NECSA/NECSA/mujoco_env.py", line 28, in make_mujoco_env
    env = gym.make(task)
  File "/home/lizhuo/miniconda3/envs/necsa/lib/python3.7/site-packages/gym/envs/registration.py", line 676, in make
    return registry.make(id, **kwargs)
  File "/home/lizhuo/miniconda3/envs/necsa/lib/python3.7/site-packages/gym/envs/registration.py", line 520, in make
    return spec.make(**kwargs)
  File "/home/lizhuo/miniconda3/envs/necsa/lib/python3.7/site-packages/gym/envs/registration.py", line 139, in make
    cls = load(self.entry_point)
  File "/home/lizhuo/miniconda3/envs/necsa/lib/python3.7/site-packages/gym/envs/registration.py", line 55, in load
    mod = importlib.import_module(mod_name)
  File "/home/lizhuo/miniconda3/envs/necsa/lib/python3.7/importlib/__init__.py", line 127, in import_module
    return _bootstrap._gcd_import(name[level:], package, level)
  File "<frozen importlib._bootstrap>", line 1006, in _gcd_import
  File "<frozen importlib._bootstrap>", line 983, in _find_and_load
  File "<frozen importlib._bootstrap>", line 953, in _find_and_load_unlocked
  File "<frozen importlib._bootstrap>", line 219, in _call_with_frames_removed
  File "<frozen importlib._bootstrap>", line 1006, in _gcd_import
  File "<frozen importlib._bootstrap>", line 983, in _find_and_load
  File "<frozen importlib._bootstrap>", line 967, in _find_and_load_unlocked
  File "<frozen importlib._bootstrap>", line 677, in _load_unlocked
  File "<frozen importlib._bootstrap_external>", line 728, in exec_module
  File "<frozen importlib._bootstrap>", line 219, in _call_with_frames_removed
  File "/home/lizhuo/miniconda3/envs/necsa/lib/python3.7/site-packages/gym/envs/mujoco/__init__.py", line 1, in <module>
    from gym.envs.mujoco.mujoco_env import MujocoEnv
  File "/home/lizhuo/miniconda3/envs/necsa/lib/python3.7/site-packages/gym/envs/mujoco/mujoco_env.py", line 12, in <module>
    import mujoco_py
  File "/home/lizhuo/miniconda3/envs/necsa/lib/python3.7/site-packages/mujoco_py/__init__.py", line 2, in <module>
    from mujoco_py.builder import cymj, ignore_mujoco_warnings, functions, MujocoException
  File "/home/lizhuo/miniconda3/envs/necsa/lib/python3.7/site-packages/mujoco_py/builder.py", line 504, in <module>
    cymj = load_cython_ext(mujoco_path)
  File "/home/lizhuo/miniconda3/envs/necsa/lib/python3.7/site-packages/mujoco_py/builder.py", line 76, in load_cython_ext
    _ensure_set_env_var("LD_LIBRARY_PATH", get_nvidia_lib_dir())
  File "/home/lizhuo/miniconda3/envs/necsa/lib/python3.7/site-packages/mujoco_py/builder.py", line 124, in _ensure_set_env_var
    var_name, var_name, lib_path))
Exception: 
Missing path to your environment variable. 
Current values LD_LIBRARY_PATH=:/home/lizhuo/.mujoco/mujoco210/bin
Please add following line to .bashrc:
export LD_LIBRARY_PATH=$LD_LIBRARY_PATH:/usr/lib/nvidia
/home/lizhuo/NECSA/NECSA/mujoco_env.py:25: UserWarning: Recommend using envpool (pip install envpool) to run Mujoco environments more efficiently.
  "Recommend using envpool (pip install envpool) "
Traceback (most recent call last):
  File "necsa_td3.py", line 235, in <module>
    test_td3()
  File "necsa_td3.py", line 82, in test_td3
    args.task, args.seed, args.training_num, args.test_num, obs_norm=False
  File "/home/lizhuo/NECSA/NECSA/mujoco_env.py", line 28, in make_mujoco_env
    env = gym.make(task)
  File "/home/lizhuo/miniconda3/envs/necsa/lib/python3.7/site-packages/gym/envs/registration.py", line 676, in make
    return registry.make(id, **kwargs)
  File "/home/lizhuo/miniconda3/envs/necsa/lib/python3.7/site-packages/gym/envs/registration.py", line 520, in make
    return spec.make(**kwargs)
  File "/home/lizhuo/miniconda3/envs/necsa/lib/python3.7/site-packages/gym/envs/registration.py", line 139, in make
    cls = load(self.entry_point)
  File "/home/lizhuo/miniconda3/envs/necsa/lib/python3.7/site-packages/gym/envs/registration.py", line 55, in load
    mod = importlib.import_module(mod_name)
  File "/home/lizhuo/miniconda3/envs/necsa/lib/python3.7/importlib/__init__.py", line 127, in import_module
    return _bootstrap._gcd_import(name[level:], package, level)
  File "<frozen importlib._bootstrap>", line 1006, in _gcd_import
  File "<frozen importlib._bootstrap>", line 983, in _find_and_load
  File "<frozen importlib._bootstrap>", line 953, in _find_and_load_unlocked
  File "<frozen importlib._bootstrap>", line 219, in _call_with_frames_removed
  File "<frozen importlib._bootstrap>", line 1006, in _gcd_import
  File "<frozen importlib._bootstrap>", line 983, in _find_and_load
  File "<frozen importlib._bootstrap>", line 967, in _find_and_load_unlocked
  File "<frozen importlib._bootstrap>", line 677, in _load_unlocked
  File "<frozen importlib._bootstrap_external>", line 728, in exec_module
  File "<frozen importlib._bootstrap>", line 219, in _call_with_frames_removed
  File "/home/lizhuo/miniconda3/envs/necsa/lib/python3.7/site-packages/gym/envs/mujoco/__init__.py", line 1, in <module>
    from gym.envs.mujoco.mujoco_env import MujocoEnv
  File "/home/lizhuo/miniconda3/envs/necsa/lib/python3.7/site-packages/gym/envs/mujoco/mujoco_env.py", line 12, in <module>
    import mujoco_py
  File "/home/lizhuo/miniconda3/envs/necsa/lib/python3.7/site-packages/mujoco_py/__init__.py", line 2, in <module>
    from mujoco_py.builder import cymj, ignore_mujoco_warnings, functions, MujocoException
  File "/home/lizhuo/miniconda3/envs/necsa/lib/python3.7/site-packages/mujoco_py/builder.py", line 504, in <module>
    cymj = load_cython_ext(mujoco_path)
  File "/home/lizhuo/miniconda3/envs/necsa/lib/python3.7/site-packages/mujoco_py/builder.py", line 76, in load_cython_ext
    _ensure_set_env_var("LD_LIBRARY_PATH", get_nvidia_lib_dir())
  File "/home/lizhuo/miniconda3/envs/necsa/lib/python3.7/site-packages/mujoco_py/builder.py", line 124, in _ensure_set_env_var
    var_name, var_name, lib_path))
Exception: 
Missing path to your environment variable. 
Current values LD_LIBRARY_PATH=:/home/lizhuo/.mujoco/mujoco210/bin
Please add following line to .bashrc:
export LD_LIBRARY_PATH=$LD_LIBRARY_PATH:/usr/lib/nvidia
/home/lizhuo/NECSA/NECSA/mujoco_env.py:25: UserWarning: Recommend using envpool (pip install envpool) to run Mujoco environments more efficiently.
  "Recommend using envpool (pip install envpool) "
Traceback (most recent call last):
  File "necsa_td3.py", line 235, in <module>
    test_td3()
  File "necsa_td3.py", line 82, in test_td3
    args.task, args.seed, args.training_num, args.test_num, obs_norm=False
  File "/home/lizhuo/NECSA/NECSA/mujoco_env.py", line 28, in make_mujoco_env
    env = gym.make(task)
  File "/home/lizhuo/miniconda3/envs/necsa/lib/python3.7/site-packages/gym/envs/registration.py", line 676, in make
    return registry.make(id, **kwargs)
  File "/home/lizhuo/miniconda3/envs/necsa/lib/python3.7/site-packages/gym/envs/registration.py", line 520, in make
    return spec.make(**kwargs)
  File "/home/lizhuo/miniconda3/envs/necsa/lib/python3.7/site-packages/gym/envs/registration.py", line 139, in make
    cls = load(self.entry_point)
  File "/home/lizhuo/miniconda3/envs/necsa/lib/python3.7/site-packages/gym/envs/registration.py", line 55, in load
    mod = importlib.import_module(mod_name)
  File "/home/lizhuo/miniconda3/envs/necsa/lib/python3.7/importlib/__init__.py", line 127, in import_module
    return _bootstrap._gcd_import(name[level:], package, level)
  File "<frozen importlib._bootstrap>", line 1006, in _gcd_import
  File "<frozen importlib._bootstrap>", line 983, in _find_and_load
  File "<frozen importlib._bootstrap>", line 953, in _find_and_load_unlocked
  File "<frozen importlib._bootstrap>", line 219, in _call_with_frames_removed
  File "<frozen importlib._bootstrap>", line 1006, in _gcd_import
  File "<frozen importlib._bootstrap>", line 983, in _find_and_load
  File "<frozen importlib._bootstrap>", line 967, in _find_and_load_unlocked
  File "<frozen importlib._bootstrap>", line 677, in _load_unlocked
  File "<frozen importlib._bootstrap_external>", line 728, in exec_module
  File "<frozen importlib._bootstrap>", line 219, in _call_with_frames_removed
  File "/home/lizhuo/miniconda3/envs/necsa/lib/python3.7/site-packages/gym/envs/mujoco/__init__.py", line 1, in <module>
    from gym.envs.mujoco.mujoco_env import MujocoEnv
  File "/home/lizhuo/miniconda3/envs/necsa/lib/python3.7/site-packages/gym/envs/mujoco/mujoco_env.py", line 12, in <module>
    import mujoco_py
  File "/home/lizhuo/miniconda3/envs/necsa/lib/python3.7/site-packages/mujoco_py/__init__.py", line 2, in <module>
    from mujoco_py.builder import cymj, ignore_mujoco_warnings, functions, MujocoException
  File "/home/lizhuo/miniconda3/envs/necsa/lib/python3.7/site-packages/mujoco_py/builder.py", line 504, in <module>
    cymj = load_cython_ext(mujoco_path)
  File "/home/lizhuo/miniconda3/envs/necsa/lib/python3.7/site-packages/mujoco_py/builder.py", line 76, in load_cython_ext
    _ensure_set_env_var("LD_LIBRARY_PATH", get_nvidia_lib_dir())
  File "/home/lizhuo/miniconda3/envs/necsa/lib/python3.7/site-packages/mujoco_py/builder.py", line 124, in _ensure_set_env_var
    var_name, var_name, lib_path))
Exception: 
Missing path to your environment variable. 
Current values LD_LIBRARY_PATH=:/home/lizhuo/.mujoco/mujoco210/bin
Please add following line to .bashrc:
export LD_LIBRARY_PATH=$LD_LIBRARY_PATH:/usr/lib/nvidia
/home/lizhuo/NECSA/NECSA/mujoco_env.py:25: UserWarning: Recommend using envpool (pip install envpool) to run Mujoco environments more efficiently.
  "Recommend using envpool (pip install envpool) "
Traceback (most recent call last):
  File "necsa_td3.py", line 235, in <module>
    test_td3()
  File "necsa_td3.py", line 82, in test_td3
    args.task, args.seed, args.training_num, args.test_num, obs_norm=False
  File "/home/lizhuo/NECSA/NECSA/mujoco_env.py", line 28, in make_mujoco_env
    env = gym.make(task)
  File "/home/lizhuo/miniconda3/envs/necsa/lib/python3.7/site-packages/gym/envs/registration.py", line 676, in make
    return registry.make(id, **kwargs)
  File "/home/lizhuo/miniconda3/envs/necsa/lib/python3.7/site-packages/gym/envs/registration.py", line 520, in make
    return spec.make(**kwargs)
  File "/home/lizhuo/miniconda3/envs/necsa/lib/python3.7/site-packages/gym/envs/registration.py", line 139, in make
    cls = load(self.entry_point)
  File "/home/lizhuo/miniconda3/envs/necsa/lib/python3.7/site-packages/gym/envs/registration.py", line 55, in load
    mod = importlib.import_module(mod_name)
  File "/home/lizhuo/miniconda3/envs/necsa/lib/python3.7/importlib/__init__.py", line 127, in import_module
    return _bootstrap._gcd_import(name[level:], package, level)
  File "<frozen importlib._bootstrap>", line 1006, in _gcd_import
  File "<frozen importlib._bootstrap>", line 983, in _find_and_load
  File "<frozen importlib._bootstrap>", line 953, in _find_and_load_unlocked
  File "<frozen importlib._bootstrap>", line 219, in _call_with_frames_removed
  File "<frozen importlib._bootstrap>", line 1006, in _gcd_import
  File "<frozen importlib._bootstrap>", line 983, in _find_and_load
  File "<frozen importlib._bootstrap>", line 967, in _find_and_load_unlocked
  File "<frozen importlib._bootstrap>", line 677, in _load_unlocked
  File "<frozen importlib._bootstrap_external>", line 728, in exec_module
  File "<frozen importlib._bootstrap>", line 219, in _call_with_frames_removed
  File "/home/lizhuo/miniconda3/envs/necsa/lib/python3.7/site-packages/gym/envs/mujoco/__init__.py", line 1, in <module>
    from gym.envs.mujoco.mujoco_env import MujocoEnv
  File "/home/lizhuo/miniconda3/envs/necsa/lib/python3.7/site-packages/gym/envs/mujoco/mujoco_env.py", line 12, in <module>
    import mujoco_py
  File "/home/lizhuo/miniconda3/envs/necsa/lib/python3.7/site-packages/mujoco_py/__init__.py", line 2, in <module>
    from mujoco_py.builder import cymj, ignore_mujoco_warnings, functions, MujocoException
  File "/home/lizhuo/miniconda3/envs/necsa/lib/python3.7/site-packages/mujoco_py/builder.py", line 504, in <module>
    cymj = load_cython_ext(mujoco_path)
  File "/home/lizhuo/miniconda3/envs/necsa/lib/python3.7/site-packages/mujoco_py/builder.py", line 76, in load_cython_ext
    _ensure_set_env_var("LD_LIBRARY_PATH", get_nvidia_lib_dir())
  File "/home/lizhuo/miniconda3/envs/necsa/lib/python3.7/site-packages/mujoco_py/builder.py", line 124, in _ensure_set_env_var
    var_name, var_name, lib_path))
Exception: 
Missing path to your environment variable. 
Current values LD_LIBRARY_PATH=:/home/lizhuo/.mujoco/mujoco210/bin
Please add following line to .bashrc:
export LD_LIBRARY_PATH=$LD_LIBRARY_PATH:/usr/lib/nvidia
/home/lizhuo/NECSA/NECSA/mujoco_env.py:25: UserWarning: Recommend using envpool (pip install envpool) to run Mujoco environments more efficiently.
  "Recommend using envpool (pip install envpool) "
Traceback (most recent call last):
  File "necsa_td3.py", line 235, in <module>
    test_td3()
  File "necsa_td3.py", line 82, in test_td3
    args.task, args.seed, args.training_num, args.test_num, obs_norm=False
  File "/home/lizhuo/NECSA/NECSA/mujoco_env.py", line 28, in make_mujoco_env
    env = gym.make(task)
  File "/home/lizhuo/miniconda3/envs/necsa/lib/python3.7/site-packages/gym/envs/registration.py", line 676, in make
    return registry.make(id, **kwargs)
  File "/home/lizhuo/miniconda3/envs/necsa/lib/python3.7/site-packages/gym/envs/registration.py", line 520, in make
    return spec.make(**kwargs)
  File "/home/lizhuo/miniconda3/envs/necsa/lib/python3.7/site-packages/gym/envs/registration.py", line 139, in make
    cls = load(self.entry_point)
  File "/home/lizhuo/miniconda3/envs/necsa/lib/python3.7/site-packages/gym/envs/registration.py", line 55, in load
    mod = importlib.import_module(mod_name)
  File "/home/lizhuo/miniconda3/envs/necsa/lib/python3.7/importlib/__init__.py", line 127, in import_module
    return _bootstrap._gcd_import(name[level:], package, level)
  File "<frozen importlib._bootstrap>", line 1006, in _gcd_import
  File "<frozen importlib._bootstrap>", line 983, in _find_and_load
  File "<frozen importlib._bootstrap>", line 953, in _find_and_load_unlocked
  File "<frozen importlib._bootstrap>", line 219, in _call_with_frames_removed
  File "<frozen importlib._bootstrap>", line 1006, in _gcd_import
  File "<frozen importlib._bootstrap>", line 983, in _find_and_load
  File "<frozen importlib._bootstrap>", line 967, in _find_and_load_unlocked
  File "<frozen importlib._bootstrap>", line 677, in _load_unlocked
  File "<frozen importlib._bootstrap_external>", line 728, in exec_module
  File "<frozen importlib._bootstrap>", line 219, in _call_with_frames_removed
  File "/home/lizhuo/miniconda3/envs/necsa/lib/python3.7/site-packages/gym/envs/mujoco/__init__.py", line 1, in <module>
    from gym.envs.mujoco.mujoco_env import MujocoEnv
  File "/home/lizhuo/miniconda3/envs/necsa/lib/python3.7/site-packages/gym/envs/mujoco/mujoco_env.py", line 12, in <module>
    import mujoco_py
  File "/home/lizhuo/miniconda3/envs/necsa/lib/python3.7/site-packages/mujoco_py/__init__.py", line 2, in <module>
    from mujoco_py.builder import cymj, ignore_mujoco_warnings, functions, MujocoException
  File "/home/lizhuo/miniconda3/envs/necsa/lib/python3.7/site-packages/mujoco_py/builder.py", line 504, in <module>
    cymj = load_cython_ext(mujoco_path)
  File "/home/lizhuo/miniconda3/envs/necsa/lib/python3.7/site-packages/mujoco_py/builder.py", line 76, in load_cython_ext
    _ensure_set_env_var("LD_LIBRARY_PATH", get_nvidia_lib_dir())
  File "/home/lizhuo/miniconda3/envs/necsa/lib/python3.7/site-packages/mujoco_py/builder.py", line 124, in _ensure_set_env_var
    var_name, var_name, lib_path))
Exception: 
Missing path to your environment variable. 
Current values LD_LIBRARY_PATH=:/home/lizhuo/.mujoco/mujoco210/bin
Please add following line to .bashrc:
export LD_LIBRARY_PATH=$LD_LIBRARY_PATH:/usr/lib/nvidia
/home/lizhuo/NECSA/NECSA/mujoco_env.py:25: UserWarning: Recommend using envpool (pip install envpool) to run Mujoco environments more efficiently.
  "Recommend using envpool (pip install envpool) "
Traceback (most recent call last):
  File "necsa_td3.py", line 235, in <module>
    test_td3()
  File "necsa_td3.py", line 82, in test_td3
    args.task, args.seed, args.training_num, args.test_num, obs_norm=False
  File "/home/lizhuo/NECSA/NECSA/mujoco_env.py", line 28, in make_mujoco_env
    env = gym.make(task)
  File "/home/lizhuo/miniconda3/envs/necsa/lib/python3.7/site-packages/gym/envs/registration.py", line 676, in make
    return registry.make(id, **kwargs)
  File "/home/lizhuo/miniconda3/envs/necsa/lib/python3.7/site-packages/gym/envs/registration.py", line 520, in make
    return spec.make(**kwargs)
  File "/home/lizhuo/miniconda3/envs/necsa/lib/python3.7/site-packages/gym/envs/registration.py", line 139, in make
    cls = load(self.entry_point)
  File "/home/lizhuo/miniconda3/envs/necsa/lib/python3.7/site-packages/gym/envs/registration.py", line 55, in load
    mod = importlib.import_module(mod_name)
  File "/home/lizhuo/miniconda3/envs/necsa/lib/python3.7/importlib/__init__.py", line 127, in import_module
    return _bootstrap._gcd_import(name[level:], package, level)
  File "<frozen importlib._bootstrap>", line 1006, in _gcd_import
  File "<frozen importlib._bootstrap>", line 983, in _find_and_load
  File "<frozen importlib._bootstrap>", line 953, in _find_and_load_unlocked
  File "<frozen importlib._bootstrap>", line 219, in _call_with_frames_removed
  File "<frozen importlib._bootstrap>", line 1006, in _gcd_import
  File "<frozen importlib._bootstrap>", line 983, in _find_and_load
  File "<frozen importlib._bootstrap>", line 967, in _find_and_load_unlocked
  File "<frozen importlib._bootstrap>", line 677, in _load_unlocked
  File "<frozen importlib._bootstrap_external>", line 728, in exec_module
  File "<frozen importlib._bootstrap>", line 219, in _call_with_frames_removed
  File "/home/lizhuo/miniconda3/envs/necsa/lib/python3.7/site-packages/gym/envs/mujoco/__init__.py", line 1, in <module>
    from gym.envs.mujoco.mujoco_env import MujocoEnv
  File "/home/lizhuo/miniconda3/envs/necsa/lib/python3.7/site-packages/gym/envs/mujoco/mujoco_env.py", line 12, in <module>
    import mujoco_py
  File "/home/lizhuo/miniconda3/envs/necsa/lib/python3.7/site-packages/mujoco_py/__init__.py", line 2, in <module>
    from mujoco_py.builder import cymj, ignore_mujoco_warnings, functions, MujocoException
  File "/home/lizhuo/miniconda3/envs/necsa/lib/python3.7/site-packages/mujoco_py/builder.py", line 504, in <module>
    cymj = load_cython_ext(mujoco_path)
  File "/home/lizhuo/miniconda3/envs/necsa/lib/python3.7/site-packages/mujoco_py/builder.py", line 76, in load_cython_ext
    _ensure_set_env_var("LD_LIBRARY_PATH", get_nvidia_lib_dir())
  File "/home/lizhuo/miniconda3/envs/necsa/lib/python3.7/site-packages/mujoco_py/builder.py", line 124, in _ensure_set_env_var
    var_name, var_name, lib_path))
Exception: 
Missing path to your environment variable. 
Current values LD_LIBRARY_PATH=:/home/lizhuo/.mujoco/mujoco210/bin
Please add following line to .bashrc:
export LD_LIBRARY_PATH=$LD_LIBRARY_PATH:/usr/lib/nvidia
/home/lizhuo/NECSA/NECSA/mujoco_env.py:25: UserWarning: Recommend using envpool (pip install envpool) to run Mujoco environments more efficiently.
  "Recommend using envpool (pip install envpool) "
Traceback (most recent call last):
  File "necsa_td3.py", line 235, in <module>
    test_td3()
  File "necsa_td3.py", line 82, in test_td3
    args.task, args.seed, args.training_num, args.test_num, obs_norm=False
  File "/home/lizhuo/NECSA/NECSA/mujoco_env.py", line 28, in make_mujoco_env
    env = gym.make(task)
  File "/home/lizhuo/miniconda3/envs/necsa/lib/python3.7/site-packages/gym/envs/registration.py", line 676, in make
    return registry.make(id, **kwargs)
  File "/home/lizhuo/miniconda3/envs/necsa/lib/python3.7/site-packages/gym/envs/registration.py", line 520, in make
    return spec.make(**kwargs)
  File "/home/lizhuo/miniconda3/envs/necsa/lib/python3.7/site-packages/gym/envs/registration.py", line 139, in make
    cls = load(self.entry_point)
  File "/home/lizhuo/miniconda3/envs/necsa/lib/python3.7/site-packages/gym/envs/registration.py", line 55, in load
    mod = importlib.import_module(mod_name)
  File "/home/lizhuo/miniconda3/envs/necsa/lib/python3.7/importlib/__init__.py", line 127, in import_module
    return _bootstrap._gcd_import(name[level:], package, level)
  File "<frozen importlib._bootstrap>", line 1006, in _gcd_import
  File "<frozen importlib._bootstrap>", line 983, in _find_and_load
  File "<frozen importlib._bootstrap>", line 953, in _find_and_load_unlocked
  File "<frozen importlib._bootstrap>", line 219, in _call_with_frames_removed
  File "<frozen importlib._bootstrap>", line 1006, in _gcd_import
  File "<frozen importlib._bootstrap>", line 983, in _find_and_load
  File "<frozen importlib._bootstrap>", line 967, in _find_and_load_unlocked
  File "<frozen importlib._bootstrap>", line 677, in _load_unlocked
  File "<frozen importlib._bootstrap_external>", line 728, in exec_module
  File "<frozen importlib._bootstrap>", line 219, in _call_with_frames_removed
  File "/home/lizhuo/miniconda3/envs/necsa/lib/python3.7/site-packages/gym/envs/mujoco/__init__.py", line 1, in <module>
    from gym.envs.mujoco.mujoco_env import MujocoEnv
  File "/home/lizhuo/miniconda3/envs/necsa/lib/python3.7/site-packages/gym/envs/mujoco/mujoco_env.py", line 12, in <module>
    import mujoco_py
  File "/home/lizhuo/miniconda3/envs/necsa/lib/python3.7/site-packages/mujoco_py/__init__.py", line 2, in <module>
    from mujoco_py.builder import cymj, ignore_mujoco_warnings, functions, MujocoException
  File "/home/lizhuo/miniconda3/envs/necsa/lib/python3.7/site-packages/mujoco_py/builder.py", line 504, in <module>
    cymj = load_cython_ext(mujoco_path)
  File "/home/lizhuo/miniconda3/envs/necsa/lib/python3.7/site-packages/mujoco_py/builder.py", line 76, in load_cython_ext
    _ensure_set_env_var("LD_LIBRARY_PATH", get_nvidia_lib_dir())
  File "/home/lizhuo/miniconda3/envs/necsa/lib/python3.7/site-packages/mujoco_py/builder.py", line 124, in _ensure_set_env_var
    var_name, var_name, lib_path))
Exception: 
Missing path to your environment variable. 
Current values LD_LIBRARY_PATH=:/home/lizhuo/.mujoco/mujoco210/bin
Please add following line to .bashrc:
export LD_LIBRARY_PATH=$LD_LIBRARY_PATH:/usr/lib/nvidia
Terminated
Terminated
Terminated
/home/lizhuo/NECSA/NECSA/mujoco_env.py:25: UserWarning: Recommend using envpool (pip install envpool) to run Mujoco environments more efficiently.
  "Recommend using envpool (pip install envpool) "
Observations shape: (17,)
Actions shape: (6,)
Action range: -1.0 1.0
{'order': 2, 'grid_num': 5, 'decay': 0.1, 'repair_scope': 1.0, 'mode': 'state_action', 'reduction': False, 'raw_state_dim': 17, 'state_dim': 17, 'state_min': -10, 'state_max': 10, 'action_dim': 6, 'action_min': -1.0, 'action_max': 1.0}
/home/lizhuo/miniconda3/envs/necsa/lib/python3.7/site-packages/gym/core.py:173: DeprecationWarning: [33mWARN: Function `env.seed(seed)` is marked as deprecated and will be removed in the future. Please use `env.reset(seed=seed) instead.[0m
  "Function `env.seed(seed)` is marked as deprecated and will be removed in the future. "
